srun: Job step aborted: Waiting up to 32 seconds for job step to finish.
slurmstepd: error: *** STEP 23641.1 ON n06 CANCELLED AT 2023-03-22T09:52:48 ***
slurmstepd: error: *** JOB 23641 ON n06 CANCELLED AT 2023-03-22T09:52:48 ***
